01:59:44,968 ERROR main SaladRun:main:42 - Incorrect data input

by.epam.training.task1.exception.SaladException: Bad type for vegetable

	at by.epam.training.task1.SaladRun.main(SaladRun.java:42)
	at sun.reflect.NativeMethodAccessorImpl.invoke0(Native Method)
	at sun.reflect.NativeMethodAccessorImpl.invoke(NativeMethodAccessorImpl.java:57)
	at sun.reflect.DelegatingMethodAccessorImpl.invoke(DelegatingMethodAccessorImpl.java:43)
	at java.lang.reflect.Method.invoke(Method.java:606)
	at com.intellij.rt.execution.application.AppMain.main(AppMain.java:120)
02:04:18,505  WARN main SaladHandler:startElement:42 - Tomato
02:04:18,511  WARN main SaladHandler:startElement:42 - Tomato
02:04:18,511  WARN main SaladHandler:startElement:42 - Carrot
02:04:18,512  WARN main SaladHandler:startElement:42 - Pepper
02:04:18,513 ERROR main SaladRun:main:42 - Incorrect data input

by.epam.training.task1.exception.SaladException: Bad type for vegetable

	at by.epam.training.task1.SaladRun.main(SaladRun.java:42)
02:06:16,834  WARN main SaladHandler:startElement:40 - salad
02:06:16,837  WARN main SaladHandler:startElement:40 - vegetable
02:06:16,839  WARN main SaladHandler:startElement:40 - weight
02:06:16,840  WARN main SaladHandler:startElement:40 - calorie
02:06:16,840  WARN main SaladHandler:startElement:40 - size
02:06:16,841  WARN main SaladHandler:startElement:40 - color
02:06:16,841  WARN main SaladHandler:startElement:40 - vegetable
02:06:16,841  WARN main SaladHandler:startElement:40 - weight
02:06:16,841  WARN main SaladHandler:startElement:40 - calorie
02:06:16,842  WARN main SaladHandler:startElement:40 - size
02:06:16,842  WARN main SaladHandler:startElement:40 - color
02:06:16,842  WARN main SaladHandler:startElement:40 - vegetable
02:06:16,843  WARN main SaladHandler:startElement:40 - weight
02:06:16,843  WARN main SaladHandler:startElement:40 - calorie
02:06:16,843  WARN main SaladHandler:startElement:40 - vegetable
02:06:16,845 ERROR main SaladRun:main:42 - Incorrect data input

by.epam.training.task1.exception.SaladException: Bad type for vegetable

	at by.epam.training.task1.SaladRun.main(SaladRun.java:42)
02:08:06,731  WARN main SaladHandler:startElement:40 - salad
02:08:06,734  WARN main SaladHandler:startElement:40 - vegetable
02:08:06,736  WARN main SaladHandler:startElement:40 - weight
02:08:06,736  WARN main SaladHandler:startElement:40 - calorie
02:08:06,737  WARN main SaladHandler:startElement:40 - size
02:08:06,737  WARN main SaladHandler:startElement:40 - color
02:08:06,737  WARN main SaladHandler:startElement:40 - vegetable
02:08:06,738  WARN main SaladHandler:startElement:40 - weight
02:08:06,738  WARN main SaladHandler:startElement:40 - calorie
02:08:06,738  WARN main SaladHandler:startElement:40 - size
02:08:06,738  WARN main SaladHandler:startElement:40 - color
02:08:06,739  WARN main SaladHandler:startElement:40 - vegetable
02:08:06,739  WARN main SaladHandler:startElement:40 - weight
02:08:06,739  WARN main SaladHandler:startElement:40 - calorie
02:08:06,740  WARN main SaladHandler:startElement:40 - vegetable
02:08:06,741 ERROR main SaladRun:main:42 - Incorrect data input

by.epam.training.task1.exception.SaladException: Bad type for vegetable

	at by.epam.training.task1.SaladRun.main(SaladRun.java:42)
	at sun.reflect.NativeMethodAccessorImpl.invoke0(Native Method)
	at sun.reflect.NativeMethodAccessorImpl.invoke(NativeMethodAccessorImpl.java:57)
	at sun.reflect.DelegatingMethodAccessorImpl.invoke(DelegatingMethodAccessorImpl.java:43)
	at java.lang.reflect.Method.invoke(Method.java:606)
	at com.intellij.rt.execution.application.AppMain.main(AppMain.java:120)
02:09:54,890  WARN main SaladHandler:startElement:40 - salad
02:09:54,893  WARN main SaladHandler:startElement:40 - vegetable
02:09:54,895  WARN main SaladHandler:startElement:40 - weight
02:09:54,896  WARN main SaladHandler:startElement:40 - calorie
02:09:54,896  WARN main SaladHandler:startElement:40 - size
02:09:54,897  WARN main SaladHandler:startElement:40 - color
02:09:54,897  WARN main SaladHandler:startElement:40 - vegetable
02:09:54,897  WARN main SaladHandler:startElement:40 - weight
02:09:54,898  WARN main SaladHandler:startElement:40 - calorie
02:09:54,898  WARN main SaladHandler:startElement:40 - size
02:09:54,898  WARN main SaladHandler:startElement:40 - color
02:09:54,898  WARN main SaladHandler:startElement:40 - vegetable
02:09:54,899  WARN main SaladHandler:startElement:40 - weight
02:09:54,900  WARN main SaladHandler:startElement:40 - calorie
02:09:54,900  WARN main SaladHandler:startElement:40 - vegetable
02:09:54,901  WARN main SaladHandler:startElement:40 - weight
02:09:54,901  WARN main SaladHandler:startElement:40 - calorie
02:09:54,901  WARN main SaladHandler:startElement:40 - size
02:09:54,901  WARN main SaladHandler:startElement:40 - vegetable
02:09:54,902 ERROR main SaladRun:main:42 - Incorrect data input

by.epam.training.task1.exception.SaladException: Bad type for vegetable

	at by.epam.training.task1.SaladRun.main(SaladRun.java:42)
	at sun.reflect.NativeMethodAccessorImpl.invoke0(Native Method)
	at sun.reflect.NativeMethodAccessorImpl.invoke(NativeMethodAccessorImpl.java:57)
	at sun.reflect.DelegatingMethodAccessorImpl.invoke(DelegatingMethodAccessorImpl.java:43)
	at java.lang.reflect.Method.invoke(Method.java:606)
	at com.intellij.rt.execution.application.AppMain.main(AppMain.java:120)
02:10:03,619  WARN main SaladHandler:startElement:40 - salad
02:10:03,621  WARN main SaladHandler:startElement:40 - vegetable
02:10:03,623  WARN main SaladHandler:startElement:40 - weight
02:10:03,624  WARN main SaladHandler:startElement:40 - calorie
02:10:03,624  WARN main SaladHandler:startElement:40 - size
02:10:03,624  WARN main SaladHandler:startElement:40 - color
02:10:03,625  WARN main SaladHandler:startElement:40 - vegetable
02:10:03,625  WARN main SaladHandler:startElement:40 - weight
02:10:03,625  WARN main SaladHandler:startElement:40 - calorie
02:10:03,625  WARN main SaladHandler:startElement:40 - size
02:10:03,626  WARN main SaladHandler:startElement:40 - color
02:10:03,626  WARN main SaladHandler:startElement:40 - vegetable
02:10:03,628  WARN main SaladHandler:startElement:40 - weight
02:10:03,628  WARN main SaladHandler:startElement:40 - calorie
02:10:03,629  WARN main SaladHandler:startElement:40 - size
02:10:03,629  WARN main SaladHandler:startElement:40 - vegetable
02:10:03,630 ERROR main SaladRun:main:42 - Incorrect data input

by.epam.training.task1.exception.SaladException: Bad type for vegetable

	at by.epam.training.task1.SaladRun.main(SaladRun.java:42)
	at sun.reflect.NativeMethodAccessorImpl.invoke0(Native Method)
	at sun.reflect.NativeMethodAccessorImpl.invoke(NativeMethodAccessorImpl.java:57)
	at sun.reflect.DelegatingMethodAccessorImpl.invoke(DelegatingMethodAccessorImpl.java:43)
	at java.lang.reflect.Method.invoke(Method.java:606)
	at com.intellij.rt.execution.application.AppMain.main(AppMain.java:120)
02:10:22,264  WARN main SaladHandler:startElement:40 - salad
02:10:22,266  WARN main SaladHandler:startElement:40 - vegetable
02:10:22,268  WARN main SaladHandler:startElement:40 - weight
02:10:22,269  WARN main SaladHandler:startElement:40 - calorie
02:10:22,269  WARN main SaladHandler:startElement:40 - size
02:10:22,269  WARN main SaladHandler:startElement:40 - color
02:10:22,270  WARN main SaladHandler:startElement:40 - vegetable
02:10:22,270  WARN main SaladHandler:startElement:40 - weight
02:10:22,270  WARN main SaladHandler:startElement:40 - calorie
02:10:22,271  WARN main SaladHandler:startElement:40 - size
02:10:22,271  WARN main SaladHandler:startElement:40 - color
02:10:22,271  WARN main SaladHandler:startElement:40 - vegetable
02:10:22,273  WARN main SaladHandler:startElement:40 - weight
02:10:22,273  WARN main SaladHandler:startElement:40 - calorie
02:10:22,273  WARN main SaladHandler:startElement:40 - size
02:10:22,273  WARN main SaladHandler:startElement:40 - vegetable
02:10:22,274  WARN main SaladHandler:startElement:40 - weight
02:10:22,274  WARN main SaladHandler:startElement:40 - calorie
02:10:22,275  WARN main SaladHandler:startElement:40 - kind
02:10:30,100  WARN main SaladHandler:startElement:40 - salad
02:10:30,102  WARN main SaladHandler:startElement:40 - vegetable
02:10:30,104  WARN main SaladHandler:startElement:40 - weight
02:10:30,105  WARN main SaladHandler:startElement:40 - calorie
02:10:30,105  WARN main SaladHandler:startElement:40 - size
02:10:30,105  WARN main SaladHandler:startElement:40 - color
02:10:30,105  WARN main SaladHandler:startElement:40 - vegetable
02:10:30,106  WARN main SaladHandler:startElement:40 - weight
02:10:30,106  WARN main SaladHandler:startElement:40 - calorie
02:10:30,106  WARN main SaladHandler:startElement:40 - size
02:10:30,107  WARN main SaladHandler:startElement:40 - color
02:10:30,107  WARN main SaladHandler:startElement:40 - vegetable
02:10:30,108  WARN main SaladHandler:startElement:40 - weight
02:10:30,108  WARN main SaladHandler:startElement:40 - calorie
02:10:30,108  WARN main SaladHandler:startElement:40 - size
02:10:30,109  WARN main SaladHandler:startElement:40 - vegetable
02:10:30,109  WARN main SaladHandler:startElement:40 - weight
02:10:30,109  WARN main SaladHandler:startElement:40 - calorie
02:10:30,110  WARN main SaladHandler:startElement:40 - kind
02:10:30,120 ERROR main SaladRun:main:45 - Incorrect data input

org.xml.sax.SAXParseException; systemId: file:/D:/Java%20Programms/untitled1/salad.xml; lineNumber: 27; columnNumber: 1; XML document structures must start and end within the same entity.
	at by.epam.training.task1.SaladRun.main(SaladRun.java:45)
	at sun.reflect.NativeMethodAccessorImpl.invoke0(Native Method)
	at sun.reflect.NativeMethodAccessorImpl.invoke(NativeMethodAccessorImpl.java:57)
	at sun.reflect.DelegatingMethodAccessorImpl.invoke(DelegatingMethodAccessorImpl.java:43)
	at java.lang.reflect.Method.invoke(Method.java:606)
	at com.intellij.rt.execution.application.AppMain.main(AppMain.java:120)
02:10:39,927  WARN main SaladHandler:startElement:40 - vegetable
02:10:39,931  WARN main SaladHandler:startElement:40 - weight
02:10:39,931  WARN main SaladHandler:startElement:40 - calorie
02:10:39,932  WARN main SaladHandler:startElement:40 - size
02:10:39,932  WARN main SaladHandler:startElement:40 - color
02:10:39,938 ERROR main SaladRun:main:45 - Incorrect data input

org.xml.sax.SAXParseException; systemId: file:/D:/Java%20Programms/untitled1/salad.xml; lineNumber: 8; columnNumber: 2; The markup in the document following the root element must be well-formed.
	at by.epam.training.task1.SaladRun.main(SaladRun.java:45)
	at sun.reflect.NativeMethodAccessorImpl.invoke0(Native Method)
	at sun.reflect.NativeMethodAccessorImpl.invoke(NativeMethodAccessorImpl.java:57)
	at sun.reflect.DelegatingMethodAccessorImpl.invoke(DelegatingMethodAccessorImpl.java:43)
	at java.lang.reflect.Method.invoke(Method.java:606)
	at com.intellij.rt.execution.application.AppMain.main(AppMain.java:120)
02:10:52,912  WARN main SaladHandler:startElement:40 - vegetable
02:10:52,916  WARN main SaladHandler:startElement:40 - weight
02:10:52,917  WARN main SaladHandler:startElement:40 - calorie
02:10:52,917  WARN main SaladHandler:startElement:40 - size
02:10:52,917  WARN main SaladHandler:startElement:40 - color
02:10:52,923 ERROR main SaladRun:main:45 - Incorrect data input

org.xml.sax.SAXParseException; systemId: file:/D:/Java%20Programms/untitled1/salad.xml; lineNumber: 8; columnNumber: 2; The markup in the document following the root element must be well-formed.
	at by.epam.training.task1.SaladRun.main(SaladRun.java:45)
	at sun.reflect.NativeMethodAccessorImpl.invoke0(Native Method)
	at sun.reflect.NativeMethodAccessorImpl.invoke(NativeMethodAccessorImpl.java:57)
	at sun.reflect.DelegatingMethodAccessorImpl.invoke(DelegatingMethodAccessorImpl.java:43)
	at java.lang.reflect.Method.invoke(Method.java:606)
	at com.intellij.rt.execution.application.AppMain.main(AppMain.java:120)
02:11:02,804  WARN main SaladHandler:startElement:40 - vegetable
02:11:02,808  WARN main SaladHandler:startElement:40 - weight
02:11:02,809  WARN main SaladHandler:startElement:40 - calorie
02:11:02,809  WARN main SaladHandler:startElement:40 - size
02:11:02,809  WARN main SaladHandler:startElement:40 - color
02:13:20,594  WARN main SaladHandler:startElement:40 - salad
02:13:20,597  WARN main SaladHandler:startElement:40 - vegetable
02:13:20,599  WARN main SaladHandler:startElement:40 - weight
02:13:20,600  WARN main SaladHandler:startElement:40 - calorie
02:13:20,600  WARN main SaladHandler:startElement:40 - size
02:13:20,600  WARN main SaladHandler:startElement:40 - color
02:13:20,600  WARN main SaladHandler:startElement:40 - vegetable
02:13:20,601  WARN main SaladHandler:startElement:40 - weight
02:13:20,601  WARN main SaladHandler:startElement:40 - calorie
02:13:20,601  WARN main SaladHandler:startElement:40 - size
02:13:20,601  WARN main SaladHandler:startElement:40 - color
02:13:20,602  WARN main SaladHandler:startElement:40 - vegetable
02:13:20,603  WARN main SaladHandler:startElement:40 - weight
02:13:20,603  WARN main SaladHandler:startElement:40 - calorie
02:13:20,603  WARN main SaladHandler:startElement:40 - vegetable
02:13:20,604 ERROR main SaladRun:main:42 - Incorrect data input

by.epam.training.task1.exception.SaladException: Bad type for vegetable

	at by.epam.training.task1.SaladRun.main(SaladRun.java:42)
	at sun.reflect.NativeMethodAccessorImpl.invoke0(Native Method)
	at sun.reflect.NativeMethodAccessorImpl.invoke(NativeMethodAccessorImpl.java:57)
	at sun.reflect.DelegatingMethodAccessorImpl.invoke(DelegatingMethodAccessorImpl.java:43)
	at java.lang.reflect.Method.invoke(Method.java:606)
	at com.intellij.rt.execution.application.AppMain.main(AppMain.java:120)
02:13:53,757  WARN main SaladHandler:startElement:40 - salad
02:13:53,759  WARN main SaladHandler:startElement:40 - vegetable
02:13:53,761  WARN main SaladHandler:startElement:40 - weight
02:13:53,762  WARN main SaladHandler:endElement:86 - weight
02:13:53,762  WARN main SaladHandler:startElement:40 - calorie
02:13:53,762  WARN main SaladHandler:endElement:86 - calorie
02:13:53,763  WARN main SaladHandler:startElement:40 - size
02:13:53,763  WARN main SaladHandler:endElement:86 - size
02:13:53,763  WARN main SaladHandler:startElement:40 - color
02:13:53,763  WARN main SaladHandler:endElement:86 - color
02:13:53,763  WARN main SaladHandler:endElement:86 - vegetable
02:13:53,764  WARN main SaladHandler:startElement:40 - vegetable
02:13:53,764  WARN main SaladHandler:startElement:40 - weight
02:13:53,764  WARN main SaladHandler:endElement:86 - weight
02:13:53,764  WARN main SaladHandler:startElement:40 - calorie
02:13:53,765  WARN main SaladHandler:endElement:86 - calorie
02:13:53,765  WARN main SaladHandler:startElement:40 - size
02:13:53,765  WARN main SaladHandler:endElement:86 - size
02:13:53,765  WARN main SaladHandler:startElement:40 - color
02:13:53,765  WARN main SaladHandler:endElement:86 - color
02:13:53,766  WARN main SaladHandler:endElement:86 - vegetable
02:13:53,766  WARN main SaladHandler:startElement:40 - vegetable
02:13:53,767  WARN main SaladHandler:startElement:40 - weight
02:13:53,767  WARN main SaladHandler:endElement:86 - weight
02:13:53,767  WARN main SaladHandler:startElement:40 - calorie
02:13:53,767  WARN main SaladHandler:endElement:86 - calorie
02:13:53,767  WARN main SaladHandler:endElement:86 - vegetable
02:13:53,768  WARN main SaladHandler:startElement:40 - vegetable
02:13:53,769 ERROR main SaladRun:main:42 - Incorrect data input

by.epam.training.task1.exception.SaladException: Bad type for vegetable

	at by.epam.training.task1.SaladRun.main(SaladRun.java:42)
	at sun.reflect.NativeMethodAccessorImpl.invoke0(Native Method)
	at sun.reflect.NativeMethodAccessorImpl.invoke(NativeMethodAccessorImpl.java:57)
	at sun.reflect.DelegatingMethodAccessorImpl.invoke(DelegatingMethodAccessorImpl.java:43)
	at java.lang.reflect.Method.invoke(Method.java:606)
	at com.intellij.rt.execution.application.AppMain.main(AppMain.java:120)
02:14:13,675  WARN main SaladHandler:startElement:39 - salad
02:14:13,678  WARN main SaladHandler:startElement:39 - vegetable
02:14:13,680  WARN main SaladHandler:startElement:39 - weight
02:14:13,680  WARN main SaladHandler:endElement:85 - weight
02:14:13,681  WARN main SaladHandler:startElement:39 - calorie
02:14:13,681  WARN main SaladHandler:endElement:85 - calorie
02:14:13,681  WARN main SaladHandler:startElement:39 - size
02:14:13,681  WARN main SaladHandler:endElement:85 - size
02:14:13,682  WARN main SaladHandler:startElement:39 - color
02:14:13,682  WARN main SaladHandler:endElement:85 - color
02:14:13,682  WARN main SaladHandler:endElement:85 - vegetable
02:14:13,682  WARN main SaladHandler:startElement:39 - vegetable
02:14:13,683  WARN main SaladHandler:startElement:39 - weight
02:14:13,683  WARN main SaladHandler:endElement:85 - weight
02:14:13,683  WARN main SaladHandler:startElement:39 - calorie
02:14:13,683  WARN main SaladHandler:endElement:85 - calorie
02:14:13,684  WARN main SaladHandler:startElement:39 - size
02:14:13,684  WARN main SaladHandler:endElement:85 - size
02:14:13,684  WARN main SaladHandler:startElement:39 - color
02:14:13,684  WARN main SaladHandler:endElement:85 - color
02:14:13,685  WARN main SaladHandler:endElement:85 - vegetable
02:14:13,685  WARN main SaladHandler:startElement:39 - vegetable
02:14:13,685  WARN main SaladHandler:startElement:39 - weight
02:14:13,686  WARN main SaladHandler:endElement:85 - weight
02:14:13,686  WARN main SaladHandler:startElement:39 - calorie
02:14:13,686  WARN main SaladHandler:endElement:85 - calorie
02:14:13,686  WARN main SaladHandler:endElement:85 - vegetable
02:14:13,686  WARN main SaladHandler:startElement:39 - vegetable
02:14:13,687  WARN main SaladHandler:startElement:39 - weight
02:14:13,687  WARN main SaladHandler:endElement:85 - weight
02:14:13,687  WARN main SaladHandler:startElement:39 - calorie
02:14:13,692  WARN main SaladHandler:endElement:85 - calorie
02:14:13,692  WARN main SaladHandler:startElement:39 - color
02:14:13,692  WARN main SaladHandler:endElement:85 - color
02:14:13,692  WARN main SaladHandler:endElement:85 - vegetable
02:14:13,692  WARN main SaladHandler:startElement:39 - vegetable
02:14:13,693  WARN main SaladHandler:startElement:39 - weight
02:14:13,693  WARN main SaladHandler:endElement:85 - weight
02:14:13,693  WARN main SaladHandler:startElement:39 - calorie
02:14:13,694  WARN main SaladHandler:endElement:85 - calorie
02:14:13,694  WARN main SaladHandler:startElement:39 - size
02:14:13,694  WARN main SaladHandler:endElement:85 - size
02:14:13,694  WARN main SaladHandler:endElement:85 - vegetable
02:14:13,694  WARN main SaladHandler:startElement:39 - vegetable
02:14:13,694  WARN main SaladHandler:startElement:39 - weight
02:14:13,695  WARN main SaladHandler:endElement:85 - weight
02:14:13,695  WARN main SaladHandler:startElement:39 - calorie
02:14:13,695  WARN main SaladHandler:endElement:85 - calorie
02:14:13,695  WARN main SaladHandler:startElement:39 - salinity
02:14:13,695  WARN main SaladHandler:endElement:85 - salinity
02:14:13,696  WARN main SaladHandler:endElement:85 - vegetable
02:14:13,696  WARN main SaladHandler:startElement:39 - vegetable
02:14:13,697  WARN main SaladHandler:startElement:39 - weight
02:14:13,697  WARN main SaladHandler:endElement:85 - weight
02:14:13,697  WARN main SaladHandler:startElement:39 - calorie
02:14:13,697  WARN main SaladHandler:endElement:85 - calorie
02:14:13,697  WARN main SaladHandler:startElement:39 - kind
02:14:13,698  WARN main SaladHandler:endElement:85 - kind
02:14:13,698  WARN main SaladHandler:endElement:85 - vegetable
02:14:13,698  WARN main SaladHandler:endElement:85 - salad
02:16:30,465  WARN main SaladHandler:startElement:39 - salad
02:16:30,468  WARN main SaladHandler:startElement:39 - vegetable
02:16:30,470  WARN main SaladHandler:startElement:39 - weight
02:16:30,470  WARN main SaladHandler:endElement:85 - weight
02:16:30,470  WARN main SaladHandler:startElement:39 - calorie
02:16:30,471  WARN main SaladHandler:endElement:85 - calorie
02:16:30,471  WARN main SaladHandler:startElement:39 - size
02:16:30,472  WARN main SaladHandler:endElement:85 - size
02:16:30,472  WARN main SaladHandler:startElement:39 - color
02:16:30,472  WARN main SaladHandler:endElement:85 - color
02:16:30,472  WARN main SaladHandler:endElement:85 - vegetable
02:16:30,473  WARN main SaladHandler:startElement:39 - vegetable
02:16:30,473  WARN main SaladHandler:startElement:39 - weight
02:16:30,473  WARN main SaladHandler:endElement:85 - weight
02:16:30,473  WARN main SaladHandler:startElement:39 - calorie
02:16:30,473  WARN main SaladHandler:endElement:85 - calorie
02:16:30,474  WARN main SaladHandler:startElement:39 - size
02:16:30,474  WARN main SaladHandler:endElement:85 - size
02:16:30,474  WARN main SaladHandler:startElement:39 - color
02:16:30,474  WARN main SaladHandler:endElement:85 - color
02:16:30,475  WARN main SaladHandler:endElement:85 - vegetable
02:16:30,475  WARN main SaladHandler:startElement:39 - vegetable
02:16:30,476  WARN main SaladHandler:startElement:39 - weight
02:16:30,476  WARN main SaladHandler:endElement:85 - weight
02:16:30,476  WARN main SaladHandler:startElement:39 - calorie
02:16:30,476  WARN main SaladHandler:endElement:85 - calorie
02:16:30,477  WARN main SaladHandler:endElement:85 - vegetable
02:16:30,477  WARN main SaladHandler:startElement:39 - vegetable
02:16:30,477  WARN main SaladHandler:startElement:39 - weight
02:16:30,478  WARN main SaladHandler:endElement:85 - weight
02:16:30,478  WARN main SaladHandler:startElement:39 - calorie
02:16:30,482  WARN main SaladHandler:endElement:85 - calorie
02:16:30,483  WARN main SaladHandler:startElement:39 - size
02:16:30,483  WARN main SaladHandler:endElement:85 - size
02:16:30,483  WARN main SaladHandler:endElement:85 - vegetable
02:16:30,483  WARN main SaladHandler:startElement:39 - vegetable
02:16:30,484  WARN main SaladHandler:startElement:39 - weight
02:16:30,484  WARN main SaladHandler:endElement:85 - weight
02:16:30,484  WARN main SaladHandler:startElement:39 - calorie
02:16:30,484  WARN main SaladHandler:endElement:85 - calorie
02:16:30,485  WARN main SaladHandler:startElement:39 - kind
02:16:30,485  WARN main SaladHandler:endElement:85 - kind
02:16:30,485  WARN main SaladHandler:endElement:85 - vegetable
02:16:30,485  WARN main SaladHandler:endElement:85 - salad
02:16:41,696  WARN main SaladHandler:startElement:39 - salad
02:16:41,698  WARN main SaladHandler:startElement:39 - vegetable
02:16:41,700  WARN main SaladHandler:startElement:39 - weight
02:16:41,701  WARN main SaladHandler:endElement:85 - weight
02:16:41,701  WARN main SaladHandler:startElement:39 - calorie
02:16:41,701  WARN main SaladHandler:endElement:85 - calorie
02:16:41,702  WARN main SaladHandler:startElement:39 - size
02:16:41,702  WARN main SaladHandler:endElement:85 - size
02:16:41,702  WARN main SaladHandler:startElement:39 - color
02:16:41,702  WARN main SaladHandler:endElement:85 - color
02:16:41,703  WARN main SaladHandler:endElement:85 - vegetable
02:16:41,703  WARN main SaladHandler:startElement:39 - vegetable
02:16:41,703  WARN main SaladHandler:startElement:39 - weight
02:16:41,703  WARN main SaladHandler:endElement:85 - weight
02:16:41,703  WARN main SaladHandler:startElement:39 - calorie
02:16:41,704  WARN main SaladHandler:endElement:85 - calorie
02:16:41,704  WARN main SaladHandler:startElement:39 - size
02:16:41,704  WARN main SaladHandler:endElement:85 - size
02:16:41,704  WARN main SaladHandler:startElement:39 - color
02:16:41,705  WARN main SaladHandler:endElement:85 - color
02:16:41,705  WARN main SaladHandler:endElement:85 - vegetable
02:16:41,705  WARN main SaladHandler:startElement:39 - vegetable
02:16:41,706  WARN main SaladHandler:startElement:39 - weight
02:16:41,706  WARN main SaladHandler:endElement:85 - weight
02:16:41,706  WARN main SaladHandler:startElement:39 - calorie
02:16:41,706  WARN main SaladHandler:endElement:85 - calorie
02:16:41,706  WARN main SaladHandler:endElement:85 - vegetable
02:16:41,707  WARN main SaladHandler:startElement:39 - vegetable
02:16:41,708  WARN main SaladHandler:startElement:39 - weight
02:16:41,708  WARN main SaladHandler:endElement:85 - weight
02:16:41,708  WARN main SaladHandler:startElement:39 - calorie
02:16:41,712  WARN main SaladHandler:endElement:85 - calorie
02:16:41,712  WARN main SaladHandler:startElement:39 - size
02:16:41,712  WARN main SaladHandler:endElement:85 - size
02:16:41,713  WARN main SaladHandler:endElement:85 - vegetable
02:16:41,713  WARN main SaladHandler:startElement:39 - vegetable
02:16:41,714  WARN main SaladHandler:startElement:39 - weight
02:16:41,714  WARN main SaladHandler:endElement:85 - weight
02:16:41,714  WARN main SaladHandler:startElement:39 - calorie
02:16:41,714  WARN main SaladHandler:endElement:85 - calorie
02:16:41,714  WARN main SaladHandler:startElement:39 - kind
02:16:41,714  WARN main SaladHandler:endElement:85 - kind
02:16:41,715  WARN main SaladHandler:endElement:85 - vegetable
02:16:41,715  WARN main SaladHandler:endElement:85 - salad
02:17:28,390  WARN main SaladHandler:startElement:40 - salad
02:17:28,393  WARN main SaladHandler:startElement:40 - vegetable
02:17:28,395  WARN main SaladHandler:startElement:40 - weight
02:17:28,395  WARN main SaladHandler:endElement:86 - weight
02:17:28,395  WARN main SaladHandler:startElement:40 - calorie
02:17:28,396  WARN main SaladHandler:endElement:86 - calorie
02:17:28,396  WARN main SaladHandler:startElement:40 - size
02:17:28,396  WARN main SaladHandler:endElement:86 - size
02:17:28,396  WARN main SaladHandler:startElement:40 - color
02:17:28,396  WARN main SaladHandler:endElement:86 - color
02:17:28,397  WARN main SaladHandler:endElement:86 - vegetable
02:17:28,397  WARN main SaladHandler:startElement:40 - vegetable
02:17:28,397  WARN main SaladHandler:startElement:40 - weight
02:17:28,397  WARN main SaladHandler:endElement:86 - weight
02:17:28,398  WARN main SaladHandler:startElement:40 - calorie
02:17:28,398  WARN main SaladHandler:endElement:86 - calorie
02:17:28,398  WARN main SaladHandler:startElement:40 - size
02:17:28,398  WARN main SaladHandler:endElement:86 - size
02:17:28,398  WARN main SaladHandler:startElement:40 - color
02:17:28,399  WARN main SaladHandler:endElement:86 - color
02:17:28,399  WARN main SaladHandler:endElement:86 - vegetable
02:17:28,399  WARN main SaladHandler:startElement:40 - vegetable
02:17:28,400  WARN main SaladHandler:startElement:40 - weight
02:17:28,400  WARN main SaladHandler:endElement:86 - weight
02:17:28,400  WARN main SaladHandler:startElement:40 - calorie
02:17:28,400  WARN main SaladHandler:endElement:86 - calorie
02:17:28,401  WARN main SaladHandler:endElement:86 - vegetable
02:17:28,401  WARN main SaladHandler:startElement:40 - vegetable
02:17:28,402  WARN main SaladHandler:startElement:40 - weight
02:17:28,402  WARN main SaladHandler:endElement:86 - weight
02:17:28,402  WARN main SaladHandler:startElement:40 - calorie
02:17:28,407  WARN main SaladHandler:endElement:86 - calorie
02:17:28,408  WARN main SaladHandler:startElement:40 - size
02:17:28,408  WARN main SaladHandler:endElement:86 - size
02:17:28,408  WARN main SaladHandler:endElement:86 - vegetable
02:17:28,408  WARN main SaladHandler:startElement:40 - vegetable
02:17:28,409  WARN main SaladHandler:startElement:40 - weight
02:17:28,409  WARN main SaladHandler:endElement:86 - weight
02:17:28,409  WARN main SaladHandler:startElement:40 - calorie
02:17:28,409  WARN main SaladHandler:endElement:86 - calorie
02:17:28,410  WARN main SaladHandler:startElement:40 - kind
02:17:28,410  WARN main SaladHandler:endElement:86 - kind
02:17:28,410  WARN main SaladHandler:endElement:86 - vegetable
02:17:28,410  WARN main SaladHandler:endElement:86 - salad
02:18:39,863  WARN main SaladHandler:startElement:40 - salad
02:18:39,865  WARN main SaladHandler:startElement:40 - vegetable
02:18:39,867  WARN main SaladHandler:startElement:40 - weight
02:18:39,868  WARN main SaladHandler:endElement:86 - weight
02:18:39,868  WARN main SaladHandler:startElement:40 - calorie
02:18:39,868  WARN main SaladHandler:endElement:86 - calorie
02:18:39,869  WARN main SaladHandler:startElement:40 - size
02:18:39,869  WARN main SaladHandler:endElement:86 - size
02:18:39,869  WARN main SaladHandler:startElement:40 - color
02:18:39,869  WARN main SaladHandler:endElement:86 - color
02:18:39,870  WARN main SaladHandler:endElement:86 - vegetable
02:18:39,870  WARN main SaladHandler:startElement:40 - vegetable
02:18:39,870  WARN main SaladHandler:startElement:40 - weight
02:18:39,870  WARN main SaladHandler:endElement:86 - weight
02:18:39,871  WARN main SaladHandler:startElement:40 - calorie
02:18:39,871  WARN main SaladHandler:endElement:86 - calorie
02:18:39,871  WARN main SaladHandler:startElement:40 - size
02:18:39,871  WARN main SaladHandler:endElement:86 - size
02:18:39,871  WARN main SaladHandler:startElement:40 - color
02:18:39,872  WARN main SaladHandler:endElement:86 - color
02:18:39,872  WARN main SaladHandler:endElement:86 - vegetable
02:18:39,872  WARN main SaladHandler:startElement:40 - vegetable
02:18:39,873  WARN main SaladHandler:startElement:40 - weight
02:18:39,873  WARN main SaladHandler:endElement:86 - weight
02:18:39,873  WARN main SaladHandler:startElement:40 - calorie
02:18:39,873  WARN main SaladHandler:endElement:86 - calorie
02:18:39,874  WARN main SaladHandler:endElement:86 - vegetable
02:18:39,874  WARN main SaladHandler:startElement:40 - vegetable
02:18:39,874  WARN main SaladHandler:startElement:40 - weight
02:18:39,875  WARN main SaladHandler:endElement:86 - weight
02:18:39,875  WARN main SaladHandler:startElement:40 - calorie
02:18:39,879  WARN main SaladHandler:endElement:86 - calorie
02:18:39,879  WARN main SaladHandler:startElement:40 - size
02:18:39,879  WARN main SaladHandler:endElement:86 - size
02:18:39,879  WARN main SaladHandler:endElement:86 - vegetable
02:18:39,880  WARN main SaladHandler:startElement:40 - vegetable
02:18:39,880  WARN main SaladHandler:startElement:40 - weight
02:18:39,881  WARN main SaladHandler:endElement:86 - weight
02:18:39,881  WARN main SaladHandler:startElement:40 - calorie
02:18:39,881  WARN main SaladHandler:endElement:86 - calorie
02:18:39,881  WARN main SaladHandler:startElement:40 - kind
02:18:39,881  WARN main SaladHandler:endElement:86 - kind
02:18:39,881  WARN main SaladHandler:endElement:86 - vegetable
02:18:39,882  WARN main SaladHandler:startElement:40 - vegetable
02:18:39,883 ERROR main SaladRun:main:42 - Incorrect data input

by.epam.training.task1.exception.SaladException: Bad type for vegetable

	at by.epam.training.task1.SaladRun.main(SaladRun.java:42)
	at sun.reflect.NativeMethodAccessorImpl.invoke0(Native Method)
	at sun.reflect.NativeMethodAccessorImpl.invoke(NativeMethodAccessorImpl.java:57)
	at sun.reflect.DelegatingMethodAccessorImpl.invoke(DelegatingMethodAccessorImpl.java:43)
	at java.lang.reflect.Method.invoke(Method.java:606)
	at com.intellij.rt.execution.application.AppMain.main(AppMain.java:120)
02:19:45,055  WARN main SaladHandler:startElement:40 - salad
02:19:45,057  WARN main SaladHandler:startElement:40 - vegetable
02:19:45,059  WARN main SaladHandler:startElement:40 - weight
02:19:45,060  WARN main SaladHandler:endElement:86 - weight
02:19:45,060  WARN main SaladHandler:startElement:40 - calorie
02:19:45,060  WARN main SaladHandler:endElement:86 - calorie
02:19:45,060  WARN main SaladHandler:startElement:40 - size
02:19:45,061  WARN main SaladHandler:endElement:86 - size
02:19:45,061  WARN main SaladHandler:startElement:40 - color
02:19:45,061  WARN main SaladHandler:endElement:86 - color
02:19:45,061  WARN main SaladHandler:endElement:86 - vegetable
02:19:45,062  WARN main SaladHandler:startElement:40 - vegetable
02:19:45,062  WARN main SaladHandler:startElement:40 - weight
02:19:45,062  WARN main SaladHandler:endElement:86 - weight
02:19:45,062  WARN main SaladHandler:startElement:40 - calorie
02:19:45,063  WARN main SaladHandler:endElement:86 - calorie
02:19:45,063  WARN main SaladHandler:startElement:40 - size
02:19:45,063  WARN main SaladHandler:endElement:86 - size
02:19:45,063  WARN main SaladHandler:startElement:40 - color
02:19:45,064  WARN main SaladHandler:endElement:86 - color
02:19:45,064  WARN main SaladHandler:endElement:86 - vegetable
02:19:45,064  WARN main SaladHandler:startElement:40 - vegetable
02:19:45,065  WARN main SaladHandler:startElement:40 - weight
02:19:45,065  WARN main SaladHandler:endElement:86 - weight
02:19:45,065  WARN main SaladHandler:startElement:40 - calorie
02:19:45,066  WARN main SaladHandler:endElement:86 - calorie
02:19:45,066  WARN main SaladHandler:endElement:86 - vegetable
02:19:45,066  WARN main SaladHandler:startElement:40 - vegetable
02:19:45,067  WARN main SaladHandler:startElement:40 - weight
02:19:45,067  WARN main SaladHandler:endElement:86 - weight
02:19:45,067  WARN main SaladHandler:startElement:40 - calorie
02:19:45,071  WARN main SaladHandler:endElement:86 - calorie
02:19:45,072  WARN main SaladHandler:startElement:40 - size
02:19:45,072  WARN main SaladHandler:endElement:86 - size
02:19:45,072  WARN main SaladHandler:endElement:86 - vegetable
02:19:45,072  WARN main SaladHandler:startElement:40 - vegetable
02:19:45,073  WARN main SaladHandler:startElement:40 - weight
02:19:45,073  WARN main SaladHandler:endElement:86 - weight
02:19:45,074  WARN main SaladHandler:startElement:40 - calorie
02:19:45,074  WARN main SaladHandler:endElement:86 - calorie
02:19:45,074  WARN main SaladHandler:startElement:40 - kind
02:19:45,074  WARN main SaladHandler:endElement:86 - kind
02:19:45,074  WARN main SaladHandler:endElement:86 - vegetable
02:19:45,075  WARN main SaladHandler:startElement:40 - vegetable
02:19:45,075  WARN main SaladHandler:startElement:40 - weight
02:19:45,075  WARN main SaladHandler:endElement:86 - weight
02:19:45,076  WARN main SaladHandler:startElement:40 - calorie
02:19:45,076  WARN main SaladHandler:endElement:86 - calorie
02:19:45,076  WARN main SaladHandler:startElement:40 - salinity
02:19:45,076  WARN main SaladHandler:endElement:86 - salinity
02:19:45,076  WARN main SaladHandler:endElement:86 - vegetable
02:19:45,077  WARN main SaladHandler:startElement:40 - vegetable
02:19:45,077  WARN main SaladHandler:startElement:40 - weight
02:19:45,077  WARN main SaladHandler:endElement:86 - weight
02:19:45,078  WARN main SaladHandler:startElement:40 - calorie
02:19:45,078  WARN main SaladHandler:endElement:86 - calorie
02:19:45,078  WARN main SaladHandler:startElement:40 - kind
02:19:45,078  WARN main SaladHandler:endElement:86 - kind
02:19:45,078  WARN main SaladHandler:endElement:86 - vegetable
02:19:45,079  WARN main SaladHandler:endElement:86 - salad
02:20:57,644  WARN main SaladHandler:startElement:40 - salad
02:20:57,646  WARN main SaladHandler:startElement:40 - vegetable
02:20:57,648  WARN main SaladHandler:startElement:40 - weight
02:20:57,648  WARN main SaladHandler:endElement:86 - weight
02:20:57,649  WARN main SaladHandler:startElement:40 - calorie
02:20:57,649  WARN main SaladHandler:endElement:86 - calorie
02:20:57,649  WARN main SaladHandler:startElement:40 - size
02:20:57,649  WARN main SaladHandler:endElement:86 - size
02:20:57,650  WARN main SaladHandler:startElement:40 - color
02:20:57,650  WARN main SaladHandler:endElement:86 - color
02:20:57,650  WARN main SaladHandler:endElement:86 - vegetable
02:20:57,650  WARN main SaladHandler:startElement:40 - vegetable
02:20:57,651  WARN main SaladHandler:startElement:40 - weight
02:20:57,651  WARN main SaladHandler:endElement:86 - weight
02:20:57,651  WARN main SaladHandler:startElement:40 - calorie
02:20:57,651  WARN main SaladHandler:endElement:86 - calorie
02:20:57,652  WARN main SaladHandler:startElement:40 - size
02:20:57,652  WARN main SaladHandler:endElement:86 - size
02:20:57,652  WARN main SaladHandler:startElement:40 - color
02:20:57,652  WARN main SaladHandler:endElement:86 - color
02:20:57,652  WARN main SaladHandler:endElement:86 - vegetable
02:20:57,653  WARN main SaladHandler:startElement:40 - vegetable
02:20:57,654  WARN main SaladHandler:startElement:40 - weight
02:20:57,654  WARN main SaladHandler:endElement:86 - weight
02:20:57,654  WARN main SaladHandler:startElement:40 - calorie
02:20:57,654  WARN main SaladHandler:endElement:86 - calorie
02:20:57,655  WARN main SaladHandler:endElement:86 - vegetable
02:20:57,655  WARN main SaladHandler:startElement:40 - vegetable
02:20:57,656  WARN main SaladHandler:startElement:40 - weight
02:20:57,657  WARN main SaladHandler:endElement:86 - weight
02:20:57,657  WARN main SaladHandler:startElement:40 - calorie
02:20:57,662  WARN main SaladHandler:endElement:86 - calorie
02:20:57,663  WARN main SaladHandler:startElement:40 - size
02:20:57,663  WARN main SaladHandler:endElement:86 - size
02:20:57,663  WARN main SaladHandler:endElement:86 - vegetable
02:20:57,663  WARN main SaladHandler:startElement:40 - vegetable
02:20:57,664  WARN main SaladHandler:startElement:40 - weight
02:20:57,664  WARN main SaladHandler:endElement:86 - weight
02:20:57,664  WARN main SaladHandler:startElement:40 - calorie
02:20:57,665  WARN main SaladHandler:endElement:86 - calorie
02:20:57,665  WARN main SaladHandler:startElement:40 - kind
02:20:57,665  WARN main SaladHandler:endElement:86 - kind
02:20:57,665  WARN main SaladHandler:endElement:86 - vegetable
02:20:57,665  WARN main SaladHandler:startElement:40 - vegetable
02:20:57,666  WARN main SaladHandler:startElement:40 - weight
02:20:57,666  WARN main SaladHandler:endElement:86 - weight
02:20:57,666  WARN main SaladHandler:startElement:40 - calorie
02:20:57,667  WARN main SaladHandler:endElement:86 - calorie
02:20:57,667  WARN main SaladHandler:startElement:40 - salinity
02:20:57,667  WARN main SaladHandler:endElement:86 - salinity
02:20:57,667  WARN main SaladHandler:endElement:86 - vegetable
02:20:57,668  WARN main SaladHandler:startElement:40 - vegetable
02:20:57,668  WARN main SaladHandler:startElement:40 - weight
02:20:57,668  WARN main SaladHandler:endElement:86 - weight
02:20:57,668  WARN main SaladHandler:startElement:40 - calorie
02:20:57,669  WARN main SaladHandler:endElement:86 - calorie
02:20:57,669  WARN main SaladHandler:startElement:40 - color
02:20:57,669  WARN main SaladHandler:endElement:86 - color
02:20:57,669  WARN main SaladHandler:endElement:86 - vegetable
02:20:57,669  WARN main SaladHandler:endElement:86 - salad
02:21:39,015 ERROR main SaladRun:main:47 - Incorrect data input

java.lang.NumberFormatException: For input string: "dsadas"
	at by.epam.training.task1.SaladRun.main(SaladRun.java:47)
	at sun.reflect.NativeMethodAccessorImpl.invoke0(Native Method)
	at sun.reflect.NativeMethodAccessorImpl.invoke(NativeMethodAccessorImpl.java:57)
	at sun.reflect.DelegatingMethodAccessorImpl.invoke(DelegatingMethodAccessorImpl.java:43)
	at java.lang.reflect.Method.invoke(Method.java:606)
	at com.intellij.rt.execution.application.AppMain.main(AppMain.java:120)
